Calling task: Analyze Code
Request params: {"name":"Analyze Code","arguments":{"prompt":"function test() { return true; }"}}
Calling task: Analyze Code
Request params: {"name":"Analyze Code","arguments":{"prompt":"test","stream":true}}
Calling task: Analyze Code
Request params: {"name":"Analyze Code","arguments":{"prompt":"function test() { return true; }"}}
Calling task: Analyze Code
Request params: {"name":"Analyze Code","arguments":{"prompt":"test","stream":true}}
Calling task: Analyze Code
Request params: {"_meta":{"progressToken":1},"name":"Analyze Code","arguments":{"prompt":"test"}}
Calling task: Analyze Code
Request params: {"name":"Analyze Code","arguments":{"prompt":"function test() { return true; }"}}
Calling task: Analyze Code
Request params: {"name":"Analyze Code","arguments":{"prompt":"test","stream":true}}
Calling task: Analyze Code
Request params: {"name":"Analyze Code","arguments":{"prompt":"function test() { return true; }"}}
Calling task: Analyze Code
Request params: {"name":"Analyze Code","arguments":{"prompt":"test","stream":true}}
Calling task: Analyze Code
Request params: {"name":"Analyze Code","arguments":{"prompt":"function test() { return true; }"}}
Calling task: Analyze Code
Request params: {"name":"Analyze Code","arguments":{"prompt":"test","stream":true}}
Calling task: Analyze Code
Request params: {"name":"Analyze Code","arguments":{"prompt":"function test() { return true; }"}}
Calling task: Analyze Code
Request params: {"name":"Analyze Code","arguments":{"prompt":"test","stream":true}}
Calling task: Analyze Code
Request params: {"name":"Analyze Code","arguments":{"prompt":"function test() { return true; }"}}
Executing task: Analyze CodeCalling task: Analyze Code
Request params: {"name":"Analyze Code","arguments":{"prompt":"test","stream":true}}
Calling task: Analyze Code
Request params: {"name":"Analyze Code","arguments":{"prompt":"function test() { return true; }"}}
Executing task: Analyze Code with prompt: function test() { return true; }Calling task: Analyze Code
Request params: {"name":"Analyze Code","arguments":{"prompt":"test","stream":true}}
Calling task: Analyze Code
Request params: {"name":"Analyze Code","arguments":{"prompt":"function test() { return true; }"}}
Executing task: Analyze Code with prompt: function test() { return true; }Task Analyze Code executed with result: testCalling task: Analyze Code
Request params: {"name":"Analyze Code","arguments":{"prompt":"test","stream":true}}
Calling task: Analyze Code
Request params: {"_meta":{"progressToken":2},"name":"Analyze Code","arguments":{"prompt":"test"}}
Executing task: Analyze Code with prompt: testTask Analyze Code executed with result: [object Object]Calling task: Analyze Code
Request params: {"name":"Analyze Code","arguments":{"prompt":"function test() { return true; }"}}
Executing task: Analyze Code with prompt: function test() { return true; }Task Analyze Code executed with result: "test"Calling task: Analyze Code
Request params: {"name":"Analyze Code","arguments":{"prompt":"test","stream":true}}
Calling task: Analyze Code
Request params: {"_meta":{"progressToken":3},"name":"Analyze Code","arguments":{"prompt":"test"}}
Executing task: Analyze Code with prompt: testTask Analyze Code executed with result: {"summary":"Unable to analyze undefined or empty code. No code was provided for review.","complexity":1,"suggestions":["Please provide the actual code you would like to analyze","Include the programming language being used","Specify the context or purpose of the code for more targeted feedback","Share any specific concerns or areas you want to focus on"],"risks":["Cannot assess risks without actual code to analyze","Attempting to review undefined code could lead to misunderstandings or incorrect guidance"]}Calling task: Analyze Code
Request params: {"name":"Analyze Code","arguments":{"prompt":"function test() { return true; }"}}
Executing task: Analyze Code with prompt: function test() { return true; }Task Analyze Code executed with result: "test"Calling task: Analyze Code
Request params: {"name":"Analyze Code","arguments":{"prompt":"test","stream":true}}
Calling task: Analyze Code
Request params: {"name":"Analyze Code","arguments":{"prompt":"function test() { return true; }"}}
Executing task: Analyze Code with prompt: function test() { return true; }Task Analyze Code executed with result: "test"Calling task: Analyze Code
Request params: {"name":"Analyze Code","arguments":{"prompt":"test","stream":true}}
Calling task: Analyze Code
Request params: {"name":"Analyze Code","arguments":{"prompt":"function test() { return true; }"}}
Executing task: Analyze Code with prompt: function test() { return true; }Task Analyze Code executed with result: "test"Calling task: Analyze Code
Request params: {"name":"Analyze Code","arguments":{"prompt":"test","stream":true}}
Calling task: Analyze Code
Request params: {"name":"Analyze Code","arguments":{"prompt":"function test() { return true; }"}}
Executing task: Analyze Code with prompt: function test() { return true; }Task Analyze Code executed with result: "test"Calling task: Analyze Code
Request params: {"name":"Analyze Code","arguments":{"prompt":"test","stream":true}}
Calling task: Analyze Code
Request params: {"name":"Analyze Code","arguments":{"prompt":"function test() { return true; }"}}
Executing task: Analyze Code with prompt: function test() { return true; }Task Analyze Code executed with result: "test"Calling task: Analyze Code
Request params: {"name":"Analyze Code","arguments":{"prompt":"test","stream":true}}
Calling task: Analyze Code
Request params: {"name":"Analyze Code","arguments":{"prompt":"function test() { return true; }"}}
Executing task: Analyze Code with prompt: function test() { return true; }Task Analyze Code executed with result: "test"Calling task: Analyze Code
Request params: {"name":"Analyze Code","arguments":{"prompt":"test","stream":true}}
Calling task: Analyze Code
Request params: {"name":"Analyze Code","arguments":{"prompt":"function test() { return true; }"}}
Executing task: Analyze Code with prompt: function test() { return true; }Task Analyze Code executed with result: "test"Calling task: Analyze Code
Request params: {"name":"Analyze Code","arguments":{"prompt":"test","stream":true}}
Calling task: Analyze Code
Request params: {"_meta":{"progressToken":0},"name":"Analyze Code","arguments":{"prompt":"const helloWorld = 'hello world'"}}
Executing task: Analyze Code with prompt: const helloWorld = 'hello world'Task Analyze Code executed with result: {"summary":"The code is a simple string variable declaration using const. While extremely basic, it follows some good practices like using const for immutable values. However, there are several areas where it could be improved for better maintainability and adherence to modern JavaScript conventions.","complexity":1,"suggestions":["Add semicolon at the end of the statement for consistency","Consider using uppercase for constant values that are truly meant to be constants (e.g., HELLO_WORLD)","Add JSDoc or similar documentation to explain the purpose of the constant","Consider using template literals for string declarations (`hello world`)","Add type annotations if using TypeScript for better type safety"],"risks":["Lack of documentation may make the purpose of this constant unclear","Missing semicolon could lead to ASI (Automatic Semicolon Insertion) issues in certain contexts","Variable name might not be descriptive enough for its intended use","No type safety could lead to potential type-related issues in larger applications"]}Calling task: Analyze Code
Request params: {"name":"Analyze Code","arguments":{"prompt":"function test() { return true; }"}}
Executing task: Analyze Code with prompt: function test() { return true; }Task Analyze Code executed with result: "test"Calling task: Analyze Code
Request params: {"name":"Analyze Code","arguments":{"prompt":"test","stream":true}}
Calling task: Analyze Code
Request params: {"name":"Analyze Code","arguments":{"prompt":"function test() { return true; }"}}
Executing task: Analyze Code with prompt: function test() { return true; }Task Analyze Code executed with result: "test"Calling task: Analyze Code
Request params: {"name":"Analyze Code","arguments":{"prompt":"test","stream":true}}
Calling task: Analyze Code
Request params: {"name":"Analyze Code","arguments":{"prompt":"function test() { return true; }"}}
Executing task: Analyze Code with prompt: function test() { return true; }Task Analyze Code executed with result: "test"Calling task: Analyze Code
Request params: {"name":"Analyze Code","arguments":{"prompt":"test","stream":true}}
Calling task: Analyze Code
Request params: {"name":"Analyze Code","arguments":{"prompt":"function test() { return true; }"}}
Executing task: Analyze Code with prompt: function test() { return true; }Task Analyze Code executed with result: "test"Calling task: Analyze Code
Request params: {"name":"Analyze Code","arguments":{"prompt":"test","stream":true}}
Calling task: Analyze Code
Request params: {"name":"Analyze Code","arguments":{"prompt":"function test() { return true; }"}}
Executing task: Analyze Code with prompt: function test() { return true; }Task Analyze Code executed with result: "test"Calling task: Analyze Code
Request params: {"name":"Analyze Code","arguments":{"prompt":"test","stream":true}}
Calling task: Analyze Code
Request params: {"name":"Analyze Code","arguments":{"prompt":"function test() { return true; }"}}
Executing task: Analyze Code with prompt: function test() { return true; }Task Analyze Code executed with result: "test"Calling task: Analyze Code
Request params: {"name":"Analyze Code","arguments":{"prompt":"test","stream":true}}
Calling task: Analyze Code
Request params: {"name":"Analyze Code","arguments":{"prompt":"function test() { return true; }"}}
Executing task: Analyze Code with prompt: function test() { return true; }Task Analyze Code executed with result: "test"Calling task: Analyze Code
Request params: {"name":"Analyze Code","arguments":{"prompt":"test","stream":true}}
Calling task: Analyze Code
Request params: {"name":"Analyze Code","arguments":{"prompt":"function test() { return true; }"}}
Executing task: Analyze Code with prompt: function test() { return true; }Task Analyze Code executed with result: "test"Calling task: Analyze Code
Request params: {"name":"Analyze Code","arguments":{"prompt":"test","stream":true}}
Calling task: Analyze Code
Request params: {"name":"Analyze Code","arguments":{"prompt":"function test() { return true; }"}}
Executing task: Analyze Code with prompt: function test() { return true; }Task Analyze Code executed with result: "test"Calling task: Analyze Code
Request params: {"name":"Analyze Code","arguments":{"prompt":"test","stream":true}}
Calling task: Analyze Code
Request params: {"name":"Analyze Code","arguments":{"prompt":"function test() { return true; }"}}
Executing task: Analyze Code with prompt: function test() { return true; }Task Analyze Code executed with result: "test"Calling task: Analyze Code
Request params: {"name":"Analyze Code","arguments":{"prompt":"test","stream":true}}
Calling task: Analyze Code
Request params: {"name":"Analyze Code","arguments":{"prompt":"function test() { return true; }"}}
Executing task: Analyze Code with prompt: function test() { return true; }Task Analyze Code executed with result: "test"Calling task: Analyze Code
Request params: {"name":"Analyze Code","arguments":{"prompt":"test","stream":true}}
Calling task: Analyze Code
Request params: {"name":"Analyze Code","arguments":{"prompt":"function test() { return true; }"}}
Executing task: Analyze Code with prompt: function test() { return true; }Task Analyze Code executed with result: "test"Calling task: Analyze Code
Request params: {"name":"Analyze Code","arguments":{"prompt":"test","stream":true}}
Calling task: Analyze Code
Request params: {"name":"Analyze Code","arguments":{"prompt":"function test() { return true; }"}}
Executing task: Analyze Code with prompt: function test() { return true; }Task Analyze Code executed with result: "test"Calling task: Analyze Code
Request params: {"name":"Analyze Code","arguments":{"prompt":"test","stream":true}}
Calling task: Analyze Code
Request params: {"name":"Analyze Code","arguments":{"prompt":"function test() { return true; }"}}
Executing task: Analyze Code with prompt: function test() { return true; }Task Analyze Code executed with result: "test"Calling task: Analyze Code
Request params: {"name":"Analyze Code","arguments":{"prompt":"test","stream":true}}
Calling task: Analyze Code
Request params: {"name":"Analyze Code","arguments":{"prompt":"function test() { return true; }"}}
Executing task: Analyze Code with prompt: function test() { return true; }Task Analyze Code executed with result: "test"Calling task: Analyze Code
Request params: {"name":"Analyze Code","arguments":{"prompt":"test","stream":true}}
Calling task: Analyze Code
Request params: {"name":"Analyze Code","arguments":{"prompt":"function test() { return true; }"}}
Executing task: Analyze Code with prompt: function test() { return true; }Task Analyze Code executed with result: "test"Calling task: Analyze Code
Request params: {"name":"Analyze Code","arguments":{"prompt":"test","stream":true}}
Calling task: Analyze Code
Request params: {"name":"Analyze Code","arguments":{"prompt":"function test() { return true; }"}}
Executing task: Analyze Code with prompt: function test() { return true; }Task Analyze Code executed with result: "test"Calling task: Analyze Code
Request params: {"name":"Analyze Code","arguments":{"prompt":"test","stream":true}}
